{"/Users/pathaynes/alchemy/career-track/webpack-initializer/dependencies/installer.js": {"path":"/Users/pathaynes/alchemy/career-track/webpack-initializer/dependencies/installer.js","statementMap":{"0":{"start":{"line":2,"column":23},"end":{"line":2,"column":47}},"1":{"start":{"line":3,"column":2},"end":{"line":3,"column":35}},"2":{"start":{"line":4,"column":2},"end":{"line":7,"column":5}},"3":{"start":{"line":8,"column":2},"end":{"line":8,"column":36}},"4":{"start":{"line":11,"column":0},"end":{"line":11,"column":27}}},"fnMap":{"0":{"name":"installer","decl":{"start":{"line":1,"column":9},"end":{"line":1,"column":18}},"loc":{"start":{"line":1,"column":35},"end":{"line":9,"column":1}},"line":1}},"branchMap":{"0":{"loc":{"start":{"line":4,"column":20},"end":{"line":4,"column":35}},"type":"cond-expr","locations":[{"start":{"line":4,"column":26},"end":{"line":4,"column":30}},{"start":{"line":4,"column":33},"end":{"line":4,"column":35}}],"line":4}},"s":{"0":2,"1":2,"2":2,"3":2,"4":1},"f":{"0":2},"b":{"0":[1,1]},"_coverageSchema":"43e27e138ebf9cfc5966b082cf9a028302ed4184","hash":"2f3ccbb30ba754d80874bf6ab99216d895bbf626"}
,"/Users/pathaynes/alchemy/career-track/webpack-initializer/writer/writer.js": {"path":"/Users/pathaynes/alchemy/career-track/webpack-initializer/writer/writer.js","statementMap":{"0":{"start":{"line":1,"column":11},"end":{"line":1,"column":24}},"1":{"start":{"line":4,"column":2},"end":{"line":4,"column":30}},"2":{"start":{"line":5,"column":2},"end":{"line":5,"column":20}},"3":{"start":{"line":9,"column":2},"end":{"line":9,"column":46}},"4":{"start":{"line":10,"column":2},"end":{"line":10,"column":20}},"5":{"start":{"line":13,"column":0},"end":{"line":16,"column":2}}},"fnMap":{"0":{"name":"write","decl":{"start":{"line":3,"column":9},"end":{"line":3,"column":14}},"loc":{"start":{"line":3,"column":26},"end":{"line":6,"column":1}},"line":3},"1":{"name":"writeJson","decl":{"start":{"line":8,"column":9},"end":{"line":8,"column":18}},"loc":{"start":{"line":8,"column":30},"end":{"line":11,"column":1}},"line":8}},"branchMap":{},"s":{"0":1,"1":1,"2":1,"3":1,"4":1,"5":1},"f":{"0":1,"1":1},"b":{},"_coverageSchema":"43e27e138ebf9cfc5966b082cf9a028302ed4184","hash":"c5bfce69f95d945adfd25cb290946e3f57a8acac"}
}
